Dataset:Facebook	Algorithm:BiSPER	num_query:100	L_max:100	eps:0.0010000000000000	p_f:0.0100000000000000	num_samples:10000	r_max:0.0001000000000000	max.error:0.0000420027573916	avg.error:0.0000094541056953	avg.time(ms):86.3976038000000273
Dataset:Facebook	Algorithm:BiSPER	num_query:100	L_max:100	eps:0.0020000000000000	p_f:0.0100000000000000	num_samples:10000	r_max:0.0001000000000000	max.error:0.0000859749518105	avg.error:0.0000163752521128	avg.time(ms):62.9969587100000084
Dataset:Facebook	Algorithm:BiSPER	num_query:100	L_max:100	eps:0.0050000000000000	p_f:0.0100000000000000	num_samples:10000	r_max:0.0001000000000000	max.error:0.0001514244108386	avg.error:0.0000238663881042	avg.time(ms):38.5731784299999774
Dataset:Facebook	Algorithm:BiSPER	num_query:100	L_max:100	eps:0.0100000000000000	p_f:0.0100000000000000	num_samples:10000	r_max:0.0001000000000000	max.error:0.0002281233948824	avg.error:0.0000465528862411	avg.time(ms):27.2429236500000016
Dataset:Facebook	Algorithm:BiSPER	num_query:100	L_max:100	eps:0.0200000000000000	p_f:0.0100000000000000	num_samples:10000	r_max:0.0001000000000000	max.error:0.0003785998633964	avg.error:0.0000550007505724	avg.time(ms):20.0423047099999998
Dataset:Facebook	Algorithm:BiSPER	num_query:100	L_max:100	eps:0.0500000000000000	p_f:0.0100000000000000	num_samples:10000	r_max:0.0001000000000000	max.error:0.0102349884382496	avg.error:0.0002023770154073	avg.time(ms):16.0017150599999951
Dataset:Facebook	Algorithm:BiSPER	num_query:100	L_max:100	eps:0.1000000000000000	p_f:0.0100000000000000	num_samples:10000	r_max:0.0001000000000000	max.error:0.0187021980737809	avg.error:0.0003903797659324	avg.time(ms):12.2793401400000022
Dataset:Facebook	Algorithm:GEER	num_query:100	L_max:100	eps:0.0010000000000000	p_f:0.0100000000000000	num_samples:10000	r_max:0.0001000000000000	max.error:0.0002654882303873	avg.error:0.0001152954775288	avg.time(ms):682.0341687999997475
Dataset:Facebook	Algorithm:GEER	num_query:100	L_max:100	eps:0.0020000000000000	p_f:0.0100000000000000	num_samples:10000	r_max:0.0001000000000000	max.error:0.0005839284544979	avg.error:0.0002325587716319	avg.time(ms):416.7782001700002752
Dataset:Facebook	Algorithm:GEER	num_query:100	L_max:100	eps:0.0050000000000000	p_f:0.0100000000000000	num_samples:10000	r_max:0.0001000000000000	max.error:0.0015514665238653	avg.error:0.0005070400308865	avg.time(ms):250.9956337099999928
Dataset:Facebook	Algorithm:GEER	num_query:100	L_max:100	eps:0.0100000000000000	p_f:0.0100000000000000	num_samples:10000	r_max:0.0001000000000000	max.error:0.0029509637328660	avg.error:0.0008734957185887	avg.time(ms):155.2978655999999376
Dataset:Facebook	Algorithm:GEER	num_query:100	L_max:100	eps:0.0200000000000000	p_f:0.0100000000000000	num_samples:10000	r_max:0.0001000000000000	max.error:0.0050529927150590	avg.error:0.0014809843007260	avg.time(ms):86.2825406400000077
Dataset:Facebook	Algorithm:GEER	num_query:100	L_max:100	eps:0.0500000000000000	p_f:0.0100000000000000	num_samples:10000	r_max:0.0001000000000000	max.error:0.0101943463282705	avg.error:0.0027486703154977	avg.time(ms):43.2637936200000084
Dataset:Facebook	Algorithm:GEER	num_query:100	L_max:100	eps:0.1000000000000000	p_f:0.0100000000000000	num_samples:10000	r_max:0.0001000000000000	max.error:0.0168006720601990	avg.error:0.0038349683082862	avg.time(ms):23.0548459300000097
Dataset:Facebook	Algorithm:AMC	num_query:100	L_max:100	eps:0.1000000000000000	p_f:0.0100000000000000	num_samples:10000	r_max:0.0001000000000000	max.error:0.0018726949677625	avg.error:0.0001403493551945	avg.time(ms):8154.4955074800000148
Dataset:Facebook	Algorithm:AMC	num_query:100	L_max:100	eps:0.2000000000000000	p_f:0.0100000000000000	num_samples:10000	r_max:0.0001000000000000	max.error:0.0015088778241061	avg.error:0.0002359539786987	avg.time(ms):2050.6459555499991438
Dataset:Facebook	Algorithm:AMC	num_query:100	L_max:100	eps:0.5000000000000000	p_f:0.0100000000000000	num_samples:10000	r_max:0.0001000000000000	max.error:0.0028089585021939	avg.error:0.0005623496731084	avg.time(ms):327.5185183300000631
Dataset:Facebook	Algorithm:BiSPER	num_query:100	L_max:auto	eps:0.0000001000000000	p_f:0.0100000000000000	num_samples:10000	r_max:0.0001000000000000	max.error:0.0000000001801179	avg.error:0.0000000000133703	avg.time(ms):11930.1444789799970749
Dataset:Facebook	Algorithm:BiSPER	num_query:100	L_max:auto	eps:0.0000010000000000	p_f:0.0100000000000000	num_samples:10000	r_max:0.0001000000000000	max.error:0.0000000017986265	avg.error:0.0000000001319030	avg.time(ms):11128.9110792999963451
Dataset:Facebook	Algorithm:BiSPER	num_query:100	L_max:auto	eps:0.0000100000000000	p_f:0.0100000000000000	num_samples:10000	r_max:0.0001000000000000	max.error:0.0000000179758744	avg.error:0.0000000013176167	avg.time(ms):9763.8352950499975123
Dataset:Facebook	Algorithm:BiSPER	num_query:100	L_max:auto	eps:0.0001000000000000	p_f:0.0100000000000000	num_samples:10000	r_max:0.0001000000000000	max.error:0.0000001796850083	avg.error:0.0000000131738532	avg.time(ms):8169.2477704700004324
Dataset:Facebook	Algorithm:BiSPER	num_query:100	L_max:auto	eps:0.0010000000000000	p_f:0.0100000000000000	num_samples:10000	r_max:0.0001000000000000	max.error:0.0000017976530014	avg.error:0.0000001317791578	avg.time(ms):6847.7268283399998836
Dataset:Facebook	Algorithm:BiSPER	num_query:100	L_max:auto	eps:0.0100000000000000	p_f:0.0100000000000000	num_samples:10000	r_max:0.0001000000000000	max.error:0.0000179698336162	avg.error:0.0000013185139650	avg.time(ms):5786.9009944299968993
Dataset:Facebook	Algorithm:BiSPER	num_query:100	L_max:auto	eps:0.1000000000000000	p_f:0.0100000000000000	num_samples:10000	r_max:0.0001000000000000	max.error:0.0001797946510899	avg.error:0.0000132257015374	avg.time(ms):4438.4576753699993787
Dataset:Facebook	Algorithm:GEER	num_query:100	L_max:auto	eps:0.0010000000000000	p_f:0.0100000000000000	num_samples:10000	r_max:0.0001000000000000	max.error:0.0000018330181819	avg.error:0.0000001336166689	avg.time(ms):401430.9815026800497435
Dataset:Facebook	Algorithm:GEER	num_query:100	L_max:auto	eps:0.0100000000000000	p_f:0.0100000000000000	num_samples:10000	r_max:0.0001000000000000	max.error:0.0003063875655780	avg.error:0.0000672748044885	avg.time(ms):66865.9519387299951632
Dataset:Facebook	Algorithm:GEER	num_query:100	L_max:auto	eps:0.1000000000000000	p_f:0.0100000000000000	num_samples:10000	r_max:0.0001000000000000	max.error:0.0024603118762263	avg.error:0.0004779959080853	avg.time(ms):17526.5531413600001542
Dataset:Facebook	Algorithm:Bipush	num_query:100	L_max:auto	eps:0.0100000000000000	p_f:0.0100000000000000	num_samples:1000	r_max:0.0000010000000000	max.error:0.0000000813978344	avg.error:0.0000000206008757	avg.time(ms):8593.0455840699960390
Dataset:Facebook	Algorithm:Bipush	num_query:100	L_max:auto	eps:0.0100000000000000	p_f:0.0100000000000000	num_samples:10000	r_max:0.0000010000000000	max.error:0.0000000335544303	avg.error:0.0000000073044994	avg.time(ms):9299.6711391000044387
Dataset:Facebook	Algorithm:Bipush	num_query:100	L_max:auto	eps:0.0100000000000000	p_f:0.0100000000000000	num_samples:100000	r_max:0.0000010000000000	max.error:0.0000000069198745	avg.error:0.0000000023211161	avg.time(ms):15691.9393640900016180
Dataset:Facebook	Algorithm:Bipush	num_query:100	L_max:auto	eps:0.0100000000000000	p_f:0.0100000000000000	num_samples:1000	r_max:0.0000100000000000	max.error:0.0000032938688324	avg.error:0.0000002521921370	avg.time(ms):5264.5120619199997236
Dataset:Facebook	Algorithm:Bipush	num_query:100	L_max:auto	eps:0.0100000000000000	p_f:0.0100000000000000	num_samples:10000	r_max:0.0000100000000000	max.error:0.0000008004075398	avg.error:0.0000000890121147	avg.time(ms):5798.9624834300011571
Dataset:Facebook	Algorithm:Bipush	num_query:100	L_max:auto	eps:0.0100000000000000	p_f:0.0100000000000000	num_samples:100000	r_max:0.0000100000000000	max.error:0.0000002043102818	avg.error:0.0000000262723958	avg.time(ms):12185.2129559800032439
Dataset:Facebook	Algorithm:Bipush	num_query:100	L_max:auto	eps:0.0100000000000000	p_f:0.0100000000000000	num_samples:1000	r_max:0.0001000000000000	max.error:0.0001032383464525	avg.error:0.0000182310658883	avg.time(ms):1594.6304933300000357
Dataset:Facebook	Algorithm:Bipush	num_query:100	L_max:auto	eps:0.0100000000000000	p_f:0.0100000000000000	num_samples:10000	r_max:0.0001000000000000	max.error:0.0001018722450944	avg.error:0.0000069965521927	avg.time(ms):2247.1022223499990105
Dataset:Facebook	Algorithm:Bipush	num_query:100	L_max:auto	eps:0.0100000000000000	p_f:0.0100000000000000	num_samples:100000	r_max:0.0001000000000000	max.error:0.0000123220575873	avg.error:0.0000019363662758	avg.time(ms):8646.6271007200011809
Dataset:Facebook	Algorithm:Push	num_query:100	L_max:auto	eps:0.0100000000000000	p_f:0.0100000000000000	num_samples:0	r_max:0.0000000001000000	max.error:0.0000000047341864	avg.error:0.0000000011538139	avg.time(ms):18461.8238112200015166
Dataset:Facebook	Algorithm:Push	num_query:100	L_max:auto	eps:0.0100000000000000	p_f:0.0100000000000000	num_samples:0	r_max:0.0000000010000000	max.error:0.0000000464111926	avg.error:0.0000000114629371	avg.time(ms):15889.8787756299971079
Dataset:Facebook	Algorithm:Push	num_query:100	L_max:auto	eps:0.0100000000000000	p_f:0.0100000000000000	num_samples:0	r_max:0.0000000100000000	max.error:0.0000004590209182	avg.error:0.0000001142782428	avg.time(ms):13084.8278720799989969
Dataset:Facebook	Algorithm:Push	num_query:100	L_max:auto	eps:0.0100000000000000	p_f:0.0100000000000000	num_samples:0	r_max:0.0000001000000000	max.error:0.0000046159673511	avg.error:0.0000011521172072	avg.time(ms):10377.2261291199993138
Dataset:Facebook	Algorithm:Push	num_query:100	L_max:auto	eps:0.0100000000000000	p_f:0.0100000000000000	num_samples:0	r_max:0.0000010000000000	max.error:0.0000470870361959	avg.error:0.0000115557249732	avg.time(ms):7458.5906379000007291
Dataset:Facebook	Algorithm:Push	num_query:100	L_max:auto	eps:0.0100000000000000	p_f:0.0100000000000000	num_samples:0	r_max:0.0000100000000000	max.error:0.0004651811936314	avg.error:0.0001150943344170	avg.time(ms):4684.9029348999993090
Dataset:Facebook	Algorithm:Push	num_query:100	L_max:auto	eps:0.0100000000000000	p_f:0.0100000000000000	num_samples:0	r_max:0.0001000000000000	max.error:0.0046640755530820	avg.error:0.0009767387413989	avg.time(ms):1711.9004403900003126
