Dataset:ER	Algorithm:BiSPER	num_query:100	L_max:auto	eps:0.0000001000000000	p_f:0.0100000000000000	num_samples:10000	r_max:0.0001000000000000	max.error:0.0000000001533563	avg.error:0.0000000000834145	avg.time(ms):6.9735951900000019
Dataset:ER	Algorithm:BiSPER	num_query:100	L_max:auto	eps:0.0000010000000000	p_f:0.0100000000000000	num_samples:10000	r_max:0.0001000000000000	max.error:0.0000000037735973	avg.error:0.0000000007352368	avg.time(ms):6.0073716400000015
Dataset:ER	Algorithm:BiSPER	num_query:100	L_max:auto	eps:0.0000100000000000	p_f:0.0100000000000000	num_samples:10000	r_max:0.0001000000000000	max.error:0.0000000586591066	avg.error:0.0000000358570218	avg.time(ms):4.6492029299999995
Dataset:ER	Algorithm:BiSPER	num_query:100	L_max:auto	eps:0.0001000000000000	p_f:0.0100000000000000	num_samples:10000	r_max:0.0001000000000000	max.error:0.0000019418197857	avg.error:0.0000005050977216	avg.time(ms):2.6917088700000011
Dataset:ER	Algorithm:BiSPER	num_query:100	L_max:auto	eps:0.0010000000000000	p_f:0.0100000000000000	num_samples:10000	r_max:0.0001000000000000	max.error:0.0000149418325767	avg.error:0.0000040305615596	avg.time(ms):0.6690136099999997
Dataset:ER	Algorithm:BiSPER	num_query:100	L_max:auto	eps:0.0100000000000000	p_f:0.0100000000000000	num_samples:10000	r_max:0.0001000000000000	max.error:0.0001045921317870	avg.error:0.0000364662629028	avg.time(ms):0.2062025000000000
Dataset:ER	Algorithm:BiSPER	num_query:100	L_max:auto	eps:0.1000000000000000	p_f:0.0100000000000000	num_samples:10000	r_max:0.0001000000000000	max.error:0.0638545797411341	avg.error:0.0029011224201688	avg.time(ms):0.0484769700000000
Dataset:ER	Algorithm:GEER	num_query:100	L_max:auto	eps:0.0000001000000000	p_f:0.0100000000000000	num_samples:10000	r_max:0.0001000000000000	max.error:0.0000000001533563	avg.error:0.0000000000834145	avg.time(ms):503.8416354500000125
Dataset:ER	Algorithm:GEER	num_query:100	L_max:auto	eps:0.0000010000000000	p_f:0.0100000000000000	num_samples:10000	r_max:0.0001000000000000	max.error:0.0000000079240243	avg.error:0.0000000051707370	avg.time(ms):395.0547647400001665
Dataset:ER	Algorithm:GEER	num_query:100	L_max:auto	eps:0.0000100000000000	p_f:0.0100000000000000	num_samples:10000	r_max:0.0001000000000000	max.error:0.0000223678341950	avg.error:0.0000037136520432	avg.time(ms):140.3643493499999693
Dataset:ER	Algorithm:GEER	num_query:100	L_max:auto	eps:0.0001000000000000	p_f:0.0100000000000000	num_samples:10000	r_max:0.0001000000000000	max.error:0.0003477898206990	avg.error:0.0002348158965641	avg.time(ms):44.3754209299999971
Dataset:ER	Algorithm:GEER	num_query:100	L_max:auto	eps:0.0010000000000000	p_f:0.0100000000000000	num_samples:10000	r_max:0.0001000000000000	max.error:0.0003181652268305	avg.error:0.0000151625001525	avg.time(ms):6.1513546399999983
Dataset:ER	Algorithm:GEER	num_query:100	L_max:auto	eps:0.0100000000000000	p_f:0.0100000000000000	num_samples:10000	r_max:0.0001000000000000	max.error:0.0044956140502700	avg.error:0.0029335184682984	avg.time(ms):0.4183348199999999
Dataset:ER	Algorithm:GEER	num_query:100	L_max:auto	eps:0.1000000000000000	p_f:0.0100000000000000	num_samples:10000	r_max:0.0001000000000000	max.error:0.0034971509831621	avg.error:0.0012446254252818	avg.time(ms):0.0315213200000000
Dataset:ER	Algorithm:Bipush	num_query:100	L_max:auto	eps:0.0100000000000000	p_f:0.0100000000000000	num_samples:1000	r_max:0.0000010000000000	max.error:0.0000001260029570	avg.error:0.0000000329123778	avg.time(ms):18556.2569314499960456
Dataset:ER	Algorithm:Bipush	num_query:100	L_max:auto	eps:0.0100000000000000	p_f:0.0100000000000000	num_samples:10000	r_max:0.0000010000000000	max.error:0.0000000294541721	avg.error:0.0000000095420265	avg.time(ms):21316.2086196299933363
Dataset:ER	Algorithm:Bipush	num_query:100	L_max:auto	eps:0.0100000000000000	p_f:0.0100000000000000	num_samples:1000	r_max:0.0000100000000000	max.error:0.0000010721963677	avg.error:0.0000003216566865	avg.time(ms):13115.8160416899972915
Dataset:ER	Algorithm:Bipush	num_query:100	L_max:auto	eps:0.0100000000000000	p_f:0.0100000000000000	num_samples:10000	r_max:0.0000100000000000	max.error:0.0000003782601085	avg.error:0.0000001084257719	avg.time(ms):15567.9117087999984506
Dataset:ER	Algorithm:Bipush	num_query:100	L_max:auto	eps:0.0100000000000000	p_f:0.0100000000000000	num_samples:1000	r_max:0.0001000000000000	max.error:0.0000119620361362	avg.error:0.0000033877329708	avg.time(ms):5878.4745470699990619
Dataset:ER	Algorithm:Bipush	num_query:100	L_max:auto	eps:0.0100000000000000	p_f:0.0100000000000000	num_samples:10000	r_max:0.0001000000000000	max.error:0.0000037347938627	avg.error:0.0000010574260289	avg.time(ms):8742.9935141799960547
Dataset:ER	Algorithm:Push	num_query:100	L_max:auto	eps:0.0100000000000000	p_f:0.0100000000000000	num_samples:0	r_max:0.0000001000000000	max.error:0.0000002351032324	avg.error:0.0000000083569795	avg.time(ms):21768.7103250399959506
Dataset:ER	Algorithm:Push	num_query:100	L_max:auto	eps:0.0100000000000000	p_f:0.0100000000000000	num_samples:0	r_max:0.0000010000000000	max.error:0.0000023752489222	avg.error:0.0000000861280272	avg.time(ms):16367.2581741300055000
Dataset:ER	Algorithm:Push	num_query:100	L_max:auto	eps:0.0100000000000000	p_f:0.0100000000000000	num_samples:0	r_max:0.0000100000000000	max.error:0.0000239441884924	avg.error:0.0000008498619339	avg.time(ms):11424.8397786100085796
Dataset:ER	Algorithm:Push	num_query:100	L_max:auto	eps:0.0100000000000000	p_f:0.0100000000000000	num_samples:0	r_max:0.0001000000000000	max.error:0.0002418385813260	avg.error:0.0000085540822796	avg.time(ms):5590.7265058400007547
Dataset:ER	Algorithm:Push	num_query:100	L_max:auto	eps:0.0100000000000000	p_f:0.0100000000000000	num_samples:0	r_max:0.0010000000000000	max.error:0.0000566272405954	avg.error:0.0000232177513893	avg.time(ms):0.3135105600000000
Dataset:ER	Algorithm:Push	num_query:100	L_max:auto	eps:0.0100000000000000	p_f:0.0100000000000000	num_samples:0	r_max:0.0100000000000000	max.error:0.0004025885366693	avg.error:0.0002477385905683	avg.time(ms):0.0312720200000000
Dataset:ER	Algorithm:Push	num_query:100	L_max:auto	eps:0.0100000000000000	p_f:0.0100000000000000	num_samples:0	r_max:0.1000000000000000	max.error:0.0048984892681570	avg.error:0.0034948619154851	avg.time(ms):0.0054785200000000
Dataset:synthetic	Algorithm:AbWalk	num_query:100	L_max:auto	eps:0.0100000000000000	p_f:0.0100000000000000	num_samples:1000	r_max:0.0001000000000000	max.error:0.0056279589226089	avg.error:0.0019093709047422	avg.time(ms):300.2202330399999255
Dataset:synthetic	Algorithm:AbWalk	num_query:100	L_max:auto	eps:0.0100000000000000	p_f:0.0100000000000000	num_samples:5000	r_max:0.0001000000000000	max.error:0.0027072552210555	avg.error:0.0008600782658914	avg.time(ms):1492.5646882799994728
Dataset:synthetic	Algorithm:AbWalk	num_query:100	L_max:auto	eps:0.0100000000000000	p_f:0.0100000000000000	num_samples:10000	r_max:0.0001000000000000	max.error:0.0021075796630511	avg.error:0.0005347162615897	avg.time(ms):2970.0981870399991749
Dataset:synthetic	Algorithm:Bipush-vl	num_query:100	L_max:auto	eps:0.0100000000000000	p_f:0.0100000000000000	num_samples:1000	r_max:0.0000001000000000	max.error:0.0000137493586796	avg.error:0.0000014928749066	avg.time(ms):6444.4838848600002166
Dataset:synthetic	Algorithm:Bipush-vl	num_query:100	L_max:auto	eps:0.0100000000000000	p_f:0.0100000000000000	num_samples:1000	r_max:0.0000002000000000	max.error:0.0000136480465248	avg.error:0.0000014934088559	avg.time(ms):3250.2921453000003567
Dataset:synthetic	Algorithm:Bipush-vl	num_query:100	L_max:auto	eps:0.0100000000000000	p_f:0.0100000000000000	num_samples:1000	r_max:0.0000003000000000	max.error:0.0000136524618455	avg.error:0.0000014881313835	avg.time(ms):2158.2041912900003808
Dataset:synthetic	Algorithm:Push-vl	num_query:100	L_max:auto	eps:0.0100000000000000	p_f:0.0100000000000000	num_samples:10000	r_max:0.0000001000000000	max.error:0.0000119427138475	avg.error:0.0000014844372414	avg.time(ms):6446.5758109599992167
Dataset:synthetic	Algorithm:Push-vl	num_query:100	L_max:auto	eps:0.0100000000000000	p_f:0.0100000000000000	num_samples:10000	r_max:0.0000002000000000	max.error:0.0000101244423792	avg.error:0.0000014820522493	avg.time(ms):3224.1991995000003044
Dataset:synthetic	Algorithm:Push-vl	num_query:100	L_max:auto	eps:0.0100000000000000	p_f:0.0100000000000000	num_samples:10000	r_max:0.0000003000000000	max.error:0.0000087275950317	avg.error:0.0000014984701164	avg.time(ms):2155.1542079000005288
Dataset:synthetic	Algorithm:RW-vl	num_query:100	L_max:auto	eps:0.0100000000000000	p_f:0.0100000000000000	num_samples:10000	r_max:0.0001000000000000	max.error:0.0003754776433280	avg.error:0.0001188178938557	avg.time(ms):34.2499764800000079
Dataset:synthetic	Algorithm:RW-vl	num_query:100	L_max:auto	eps:0.0100000000000000	p_f:0.0100000000000000	num_samples:50000	r_max:0.0001000000000000	max.error:0.0001513655750900	avg.error:0.0000510311480729	avg.time(ms):169.9571757199999524
Dataset:synthetic	Algorithm:RW-vl	num_query:100	L_max:auto	eps:0.0100000000000000	p_f:0.0100000000000000	num_samples:100000	r_max:0.0001000000000000	max.error:0.0001243375063430	avg.error:0.0000395830410697	avg.time(ms):343.5742621699999972
